<?xml version="1.0" encoding="UTF-8"?>
<!-- Generated by org.testng.reporters.JUnitReportReporter -->
<testsuite hostname="CBEN-1KL0P93-LX" failures="0" tests="4" name="com.accenture.ws.NewTest" time="14.043" errors="0" timestamp="2021-10-22T01:33:53 CST" skipped="0">
  <testcase classname="com.accenture.ws.NewTest" name="deleteOrderTest" time="4.060"/>
  <system-out/>
  <testcase classname="com.accenture.ws.NewTest" name="addOrderDiscountedTest" time="2.300"/>
  <system-out/>
  <testcase classname="com.accenture.ws.NewTest" name="addOrderNotDiscountedTest" time="2.208"/>
  <system-out/>
  <testcase classname="com.accenture.ws.NewTest" name="editOrderTest" time="5.475"/>
  <system-out/>
</testsuite> <!-- com.accenture.ws.NewTest -->
